
2023-08-09 18:38:41,898 - __main__ - INFO - Token value: 
2023-08-09 18:38:42,864 - __main__ - INFO - [{'Zip': '30040', 'Car': '2022 BMW X7 xDrive40i', 'Price': '$79,000', 'Mileage': '24,479 mi.', 'Link': 'https://www.cars.com/vehicledetail/d2292601-1ebf-455a-8f4b-0f02cbc93b81/'}, {'Zip': '30040', 'Car': '2012 Porsche Cayenne Hybrid S', 'Price': '$21,000', 'Mileage': '70,000 mi.', 'Link': 'https://www.cars.com/vehicledetail/925bd20b-a3ca-48d7-9b5d-9f24140cdb17/'}, {'Zip': '30040', 'Car': '2013 Jeep Wrangler Unlimited Sport', 'Price': '$20,995', 'Mileage': '106,500 mi.', 'Link': 'https://www.cars.com/vehicledetail/d0f42ba5-014b-49af-aa17-c3c1e94387d0/'}, {'Zip': '30040', 'Car': '2010 Honda Civic LX', 'Price': '$9,900', 'Mileage': '106,500 mi.', 'Link': 'https://www.cars.com/vehicledetail/3c35583f-5d9c-4716-9de4-c743e0c25030/'}]
2023-08-10 03:42:15,668 - __main__ - INFO - Token value: 
2023-08-10 03:42:16,872 - __main__ - INFO - <_io.TextIOWrapper name='test_actions.csv' mode='w' encoding='UTF-8'>
2023-08-10 03:58:07,788 - __main__ - INFO - Token value: 
2023-08-10 03:58:08,960 - __main__ - INFO - <_csv.reader object at 0x7f2a345b65f0>
2023-08-10 04:16:52,082 - __main__ - INFO - Token value: 
2023-08-10 04:16:53,049 - __main__ - INFO - [{'Zip': '30040', 'Car': '2022 BMW X7 xDrive40i', 'Price': '$79,000', 'Mileage': '24,479 mi.', 'Link': 'https://www.cars.com/vehicledetail/d2292601-1ebf-455a-8f4b-0f02cbc93b81/'}, {'Zip': '30040', 'Car': '2012 Porsche Cayenne Hybrid S', 'Price': '$21,000', 'Mileage': '70,000 mi.', 'Link': 'https://www.cars.com/vehicledetail/925bd20b-a3ca-48d7-9b5d-9f24140cdb17/'}, {'Zip': '30040', 'Car': '2013 Jeep Wrangler Unlimited Sport', 'Price': '$20,995', 'Mileage': '106,500 mi.', 'Link': 'https://www.cars.com/vehicledetail/d0f42ba5-014b-49af-aa17-c3c1e94387d0/'}, {'Zip': '30040', 'Car': '2010 Honda Civic LX', 'Price': '$9,900', 'Mileage': '106,500 mi.', 'Link': 'https://www.cars.com/vehicledetail/3c35583f-5d9c-4716-9de4-c743e0c25030/'}, {'Zip': '30040', 'Car': '2016 Jeep Wrangler Unlimited Sport', 'Price': '$27,000', 'Mileage': '60,400 mi.', 'Link': 'https://www.cars.com/vehicledetail/88b5927e-f7d4-4a43-8c7a-8a7a0214b742/'}]
2023-08-10 04:29:11,927 - __main__ - INFO - Token value: 
2023-08-10 04:29:13,094 - __main__ - INFO - <_csv.reader object at 0x7f8f9f8d45f0>
2023-08-10 04:37:22,637 - __main__ - INFO - Token value: 
2023-08-10 04:37:24,312 - __main__ - INFO - <_io.TextIOWrapper name='test_actions.csv' mode='w' encoding='UTF-8'>
2023-08-10 04:45:20,963 - __main__ - INFO - Token value: 
2023-08-10 04:45:22,023 - __main__ - INFO - <_io.TextIOWrapper name='test_actions2.csv' mode='w' encoding='UTF-8'>
2023-08-10 04:53:26,192 - __main__ - INFO - Token value: 
2023-08-10 04:53:27,136 - __main__ - INFO - <_io.TextIOWrapper name='test_actions3.csv' mode='w' encoding='UTF-8'>
2023-08-10 05:23:36,605 - __main__ - INFO - Token value: 
2023-08-10 05:23:37,646 - __main__ - INFO - <_io.TextIOWrapper name='test_actions4.csv' mode='w' encoding='UTF-8'>
2023-08-10 06:18:55,550 - __main__ - INFO - Token value: 
2023-08-10 06:31:21,191 - __main__ - INFO - Token value: 
2023-08-10 06:40:06,592 - __main__ - INFO - Token value: 
2023-08-10 06:57:05,181 - __main__ - INFO - Token value: 
2023-08-10 16:51:29,091 - __main__ - INFO - Token value: 
2023-08-10 17:52:18,995 - __main__ - INFO - Token value: 
2023-08-10 18:17:50,378 - __main__ - INFO - Token value: 
2023-08-11 22:56:33,857 - __main__ - INFO - Token value: 
2023-08-16 22:56:28,431 - __main__ - INFO - Token value: 
2023-08-21 22:56:25,863 - __main__ - INFO - Token value: 
2023-08-24 20:37:15,190 - __main__ - INFO - Token value: 
2023-08-26 20:37:24,780 - __main__ - INFO - Token value: 
2023-08-30 20:55:58,038 - __main__ - INFO - Token value: 
2023-08-31 20:50:37,547 - __main__ - INFO - Token value: 
2023-09-01 20:50:47,687 - __main__ - INFO - Token value: 
2023-09-04 20:50:28,288 - __main__ - INFO - Token value: 
2023-09-07 20:50:21,238 - __main__ - INFO - Token value: 
2023-09-10 20:50:22,224 - __main__ - INFO - Token value: 
2023-09-13 20:50:24,830 - __main__ - INFO - Token value: 
2023-09-16 20:50:18,804 - __main__ - INFO - Token value: 
2023-09-19 20:50:22,157 - __main__ - INFO - Token value: 
2023-09-22 20:50:08,990 - __main__ - INFO - Token value: 
2023-09-25 20:50:21,487 - __main__ - INFO - Token value: 
